2026-04-28 21:09:55,162 - INFO - Sentinel started watching: C:\Users\LENOVO\Downloads
2026-04-28 21:19:44,030 - INFO - Sentinel started watching: C:\Users\LENOVO\Downloads
2026-04-28 21:20:19,570 - INFO - Successfully moved: New Text Document.txt -> C:\Users\LENOVO\Documents\General\New Text Document.txt
2026-04-28 21:22:08,461 - INFO - Successfully moved: assignment_test.txt -> C:\Users\LENOVO\Documents\General\assignment_test.txt
2026-04-28 21:25:07,012 - INFO - Sentinel started watching: C:\Users\LENOVO\Downloads
2026-04-28 21:29:48,238 - INFO - Successfully moved: assignment.txt -> C:\Users\LENOVO\Documents\College_Assignments\assignment.txt
2026-04-28 22:27:57,905 - INFO - Sentinel started watching: C:\Users\LENOVO\Downloads
2026-04-28 22:29:34,822 - INFO - Successfully moved: assisgnment.txt -> C:\Users\LENOVO\Documents\College_Assignments\assisgnment.txt
2026-04-30 22:40:06,998 - INFO - Sentinel started watching: C:\Users\LENOVO\Downloads
2026-04-30 22:40:33,914 - INFO - Successfully moved: pro.html -> C:\Users\LENOVO\Documents\Development\pro.html
2026-04-30 22:51:26,002 - INFO - Sentinel started watching: C:\Users\LENOVO\Downloads
2026-04-30 22:52:39,250 - INFO - Successfully moved: project.html -> D:\Pro\project.html
2026-04-30 22:55:22,039 - INFO - Successfully moved: pp.html -> C:\Users\LENOVO\Documents\Development\pp.html
2026-04-30 22:57:14,176 - INFO - Successfully moved: pp.html -> C:\Users\LENOVO\Documents\Development\pp.html
2026-05-02 21:34:37,073 - INFO - Sentinel started watching: C:\Users\LENOVO\Downloads
2026-05-02 21:37:50,390 - INFO - Successfully moved: demo.txt -> C:\Users\LENOVO\Documents\General\demo.txt
2026-05-02 21:39:34,268 - INFO - Successfully moved: demo.txt -> C:\Users\LENOVO\Documents\General\demo.txt
2026-05-02 21:55:14,933 - INFO - Successfully moved: dem.html -> C:\Users\LENOVO\Documents\Development\dem.html
2026-05-02 22:07:14,637 - INFO - Sentinel started watching: C:\Users\LENOVO\Downloads
2026-05-02 22:07:32,272 - INFO - Successfully moved: ran.txt -> D:\tmp\ran.txt
2026-05-03 19:37:57,590 - INFO - Sentinel started watching: c:\Users\Dell\Documents\File Organiser
2026-05-03 19:38:23,704 - INFO - Successfully moved: proj.txt -> c:\Users\Dell\Documents\File Organiser\General\proj.txt
2026-05-03 19:38:49,646 - INFO - Successfully moved: Screenshot 2026-05-03 193541.png -> c:\Users\Dell\Documents\File Organiser\Images\Screenshot 2026-05-03 193541.png
2026-05-03 19:39:48,523 - INFO - Successfully moved: proj.txt -> c:\Users\Dell\Documents\File Organiser\General\proj.txt
2026-05-03 19:40:31,210 - INFO - Successfully moved: project.txt -> c:\Users\Dell\Documents\File Organiser\College_Assignments\project.txt
2026-05-03 19:52:55,147 - INFO - Sentinel started watching: c:\Users\Dell\Documents\File Organiser
2026-05-03 19:53:16,231 - INFO - Successfully moved: proj.txt -> c:\Users\Dell\Documents\File Organiser\Unsorted\proj.txt
2026-05-03 19:55:07,714 - INFO - Successfully moved: proj.txt -> c:\Users\Dell\Documents\File Organiser\Pro\proj.txt
2026-05-03 19:56:29,634 - INFO - Successfully moved: proj.txt -> c:\Users\Dell\Documents\File Organiser\Projects\proj.txt
2026-05-03 20:00:22,089 - INFO - Successfully moved: Screenshot 2026-05-03 193541.png -> C:\Users\Dell\Documents\File Organiser\Images\Screenshot 2026-05-03 193541_1.png
